#
# A fatal error has been detected by the Java Runtime Environment:
#
#  EXCEPTION_ACCESS_VIOLATION (0xc0000005) at pc=0x00000000670a8855, pid=7680, tid=2556
#
# JRE version: Java(TM) SE Runtime Environment (8.0_65-b17) (build 1.8.0_65-b17)
# Java VM: Java HotSpot(TM) 64-Bit Server VM (25.65-b01 mixed mode windows-amd64 compressed oops)
# Problematic frame:
# V  [jvm.dll+0x128855]
#
# Failed to write core dump. Minidumps are not enabled by default on client versions of Windows
#
# If you would like to submit a bug report, please visit:
#   http://bugreport.java.com/bugreport/crash.jsp
#

---------------  T H R E A D  ---------------

Current thread (0x0000000017664000):  JavaThread "JDWP Transport Listener: dt_socket" daemon [_thread_in_vm, id=2556, stack(0x0000000018ff0000,0x00000000190f0000)]

siginfo: ExceptionCode=0xc0000005, reading address 0xffffffffffffffff

Registers:
RAX=0x00000000190ef601, RBX=0x0000000017664000, RCX=0x4c003b003b726f00, RDX=0x0000000000000000
RSP=0x00000000190ef5e0, RBP=0x4c003b003b726f00, RSI=0x00000000190ef6f8, RDI=0x0000000002bb8900
R8 =0x0000000017664000, R9 =0x0000000000008000, R10=0x0000000000000000, R11=0x00000000190ef8e0
R12=0x0000000000000000, R13=0x000000001766f048, R14=0x0000000000000000, R15=0x0000000000000000
RIP=0x00000000670a8855, EFLAGS=0x0000000000010206

Top of Stack: (sp=0x00000000190ef5e0)
0x00000000190ef5e0:   0000000017664000 0000000017664000
0x00000000190ef5f0:   00000000190ef6a8 00000000672ae19b
0x00000000190ef600:   0000000017664000 00000000672ca9fd
0x00000000190ef610:   0000000000000000 0000000066cc9155
0x00000000190ef620:   0000000017683788 0000000066cd291e
0x00000000190ef630:   0000000017664000 0000000000000000
0x00000000190ef640:   0000000000000000 0000000000000000
0x00000000190ef650:   4c003b003b726f00 0000000066cd1a15
0x00000000190ef660:   00000000190ef6f8 00000000190ef6d0
0x00000000190ef670:   0000000000000001 0000000017683788
0x00000000190ef680:   4c003b003b726f00 0000000066cb53b3
0x00000000190ef690:   00000000190ef7c0 0000000000000001
0x00000000190ef6a0:   0000000000000001 0000000017683788
0x00000000190ef6b0:   0000000000000009 0000000000000000
0x00000000190ef6c0:   0000000000000000 0000000000000000
0x00000000190ef6d0:   0000000000000001 0000000066cb5571 

Instructions: (pc=0x00000000670a8855)
0x00000000670a8835:   cc cc cc cc cc cc cc cc cc cc cc 48 83 ec 28 48
0x00000000670a8845:   85 c9 75 07 33 c0 48 83 c4 28 c3 48 89 5c 24 20
0x00000000670a8855:   48 8b 19 48 85 db 74 20 48 83 fb 37 74 1a 48 8b
0x00000000670a8865:   13 48 8b cb ff 52 10 84 c0 74 0d 48 8b c3 48 8b 


Register to memory mapping:

RAX=0x00000000190ef601 is pointing into the stack for thread: 0x0000000017664000
RBX=0x0000000017664000 is a thread
RCX=0x4c003b003b726f00 is an unknown value
RDX=0x0000000000000000 is an unknown value
RSP=0x00000000190ef5e0 is pointing into the stack for thread: 0x0000000017664000
RBP=0x4c003b003b726f00 is an unknown value
RSI=0x00000000190ef6f8 is pointing into the stack for thread: 0x0000000017664000
RDI=0x0000000002bb8900 is an unknown value
R8 =0x0000000017664000 is a thread
R9 =0x0000000000008000 is an unknown value
R10=0x0000000000000000 is an unknown value
R11=0x00000000190ef8e0 is pointing into the stack for thread: 0x0000000017664000
R12=0x0000000000000000 is an unknown value
R13=0x000000001766f048 is an unknown value
R14=0x0000000000000000 is an unknown value
R15=0x0000000000000000 is an unknown value


Stack: [0x0000000018ff0000,0x00000000190f0000],  sp=0x00000000190ef5e0,  free space=1021k
Native frames: (J=compiled Java code, j=interpreted, Vv=VM code, C=native code)
V  [jvm.dll+0x128855]
V  [jvm.dll+0x34a9fd]
C  [jdwp.dll+0x21a15]
C  [jdwp.dll+0x53b3]
C  [jdwp.dll+0x5571]
C  [jdwp.dll+0xf0a8]
C  [jdwp.dll+0x1f2d5]
C  [jdwp.dll+0x1f4aa]
V  [jvm.dll+0x1bb8f8]
V  [jvm.dll+0x243144]
V  [jvm.dll+0x299f7a]
C  [msvcr100.dll+0x21d9f]
C  [msvcr100.dll+0x21e3b]
C  [KERNEL32.DLL+0x8364]
C  [ntdll.dll+0x670d1]


---------------  P R O C E S S  ---------------

Java Threads: ( => current thread )
  0x0000000019556000 JavaThread "Service Thread" daemon [_thread_blocked, id=4736, stack(0x00000000199f0000,0x0000000019af0000)]
  0x0000000019505800 JavaThread "C1 CompilerThread2" daemon [_thread_blocked, id=8492, stack(0x00000000198f0000,0x00000000199f0000)]
  0x0000000017693000 JavaThread "C2 CompilerThread1" daemon [_thread_blocked, id=7500, stack(0x00000000193f0000,0x00000000194f0000)]
  0x0000000017686000 JavaThread "C2 CompilerThread0" daemon [_thread_blocked, id=8740, stack(0x00000000192f0000,0x00000000193f0000)]
  0x0000000017678000 JavaThread "JDWP Command Reader" daemon [_thread_in_native, id=9716, stack(0x00000000191f0000,0x00000000192f0000)]
  0x0000000017673800 JavaThread "JDWP Event Helper Thread" daemon [_thread_blocked, id=7148, stack(0x00000000190f0000,0x00000000191f0000)]
=>0x0000000017664000 JavaThread "JDWP Transport Listener: dt_socket" daemon [_thread_in_vm, id=2556, stack(0x0000000018ff0000,0x00000000190f0000)]
  0x000000001765c000 JavaThread "Attach Listener" daemon [_thread_blocked, id=5708, stack(0x0000000018bb0000,0x0000000018cb0000)]
  0x000000001765b000 JavaThread "Signal Dispatcher" daemon [_thread_blocked, id=5572, stack(0x0000000018ab0000,0x0000000018bb0000)]
  0x0000000002926800 JavaThread "Finalizer" daemon [_thread_blocked, id=2860, stack(0x00000000188c0000,0x00000000189c0000)]
  0x000000000291e800 JavaThread "Reference Handler" daemon [_thread_blocked, id=492, stack(0x00000000187c0000,0x00000000188c0000)]
  0x0000000002bbe800 JavaThread "main" [_thread_blocked, id=2736, stack(0x0000000001000000,0x0000000001100000)]

Other Threads:
  0x0000000017627800 VMThread [stack: 0x00000000186c0000,0x00000000187c0000] [id=5300]
  0x000000001955b000 WatcherThread [stack: 0x0000000019af0000,0x0000000019bf0000] [id=3908]

VM state:not at safepoint (normal execution)

VM Mutex/Monitor currently owned by a thread: None

Heap:
 PSYoungGen      total 38400K, used 3328K [0x00000000d5a00000, 0x00000000d8480000, 0x0000000100000000)
  eden space 33280K, 10% used [0x00000000d5a00000,0x00000000d5d400e0,0x00000000d7a80000)
  from space 5120K, 0% used [0x00000000d7f80000,0x00000000d7f80000,0x00000000d8480000)
  to   space 5120K, 0% used [0x00000000d7a80000,0x00000000d7a80000,0x00000000d7f80000)
 ParOldGen       total 87552K, used 0K [0x0000000080e00000, 0x0000000086380000, 0x00000000d5a00000)
  object space 87552K, 0% used [0x0000000080e00000,0x0000000080e00000,0x0000000086380000)
 Metaspace       used 3390K, capacity 4604K, committed 4864K, reserved 1056768K
  class space    used 401K, capacity 428K, committed 512K, reserved 1048576K

Card table byte_map: [0x0000000011f80000,0x0000000012380000] byte_map_base: 0x0000000011b79000

Marking Bits: (ParMarkBitMap*) 0x000000006778a5b0
 Begin Bits: [0x0000000012930000, 0x00000000148f8000)
 End Bits:   [0x00000000148f8000, 0x00000000168c0000)

Polling page: 0x00000000007f0000

CodeCache: size=245760Kb used=1178Kb max_used=1178Kb free=244581Kb
 bounds [0x0000000002bc0000, 0x0000000002e30000, 0x0000000011bc0000]
 total_blobs=305 nmethods=59 adapters=167
 compilation: enabled

Compilation events (10 events):
Event: 0.168 Thread 0x0000000019505800   55       3       java.util.concurrent.ConcurrentHashMap::spread (10 bytes)
Event: 0.168 Thread 0x0000000019505800 nmethod 55 0x0000000002ce53d0 code [0x0000000002ce5520, 0x0000000002ce5670]
Event: 0.169 Thread 0x0000000019505800   56       1       java.nio.Buffer::position (5 bytes)
Event: 0.169 Thread 0x0000000019505800 nmethod 56 0x0000000002ce5ad0 code [0x0000000002ce5c20, 0x0000000002ce5d30]
Event: 0.169 Thread 0x0000000019505800   57       3       java.lang.String::startsWith (7 bytes)
Event: 0.169 Thread 0x0000000019505800 nmethod 57 0x0000000002ce5f90 code [0x0000000002ce6100, 0x0000000002ce6328]
Event: 0.170 Thread 0x0000000019505800   58       1       java.nio.Buffer::limit (5 bytes)
Event: 0.170 Thread 0x0000000019505800 nmethod 58 0x0000000002ce63d0 code [0x0000000002ce6520, 0x0000000002ce6630]
Event: 0.170 Thread 0x0000000019505800   59       1       java.lang.Integer::intValue (5 bytes)
Event: 0.170 Thread 0x0000000019505800 nmethod 59 0x0000000002ce6690 code [0x0000000002ce67e0, 0x0000000002ce68f0]

GC Heap History (0 events):
No events

Deoptimization events (0 events):
No events

Internal exceptions (6 events):
Event: 0.025 Thread 0x0000000002bbe800 Exception <a 'java/lang/NoSuchMethodError': Method sun.misc.Unsafe.defineClass(Ljava/lang/String;[BII)Ljava/lang/Class; name or signature does not match> (0x00000000d5a0d6a8) thrown at [C:\workspace\8-2-build-windows-amd64-cygwin\jdk8u65\4987\hotspot\src\sÁuè.ÉOô?
Event: 0.025 Thread 0x0000000002bbe800 Exception <a 'java/lang/NoSuchMethodError': Method sun.misc.Unsafe.prefetchRead(Ljava/lang/Object;J)V name or signature does not match> (0x00000000d5a0d990) thrown at [C:\workspace\8-2-build-windows-amd64-cygwin\jdk8u65\4987\hotspot\src\share\vm\prims\jni.¸ÆÕtÕIƒ?
Event: 0.159 Thread 0x0000000002bbe800 Exception <a 'java/security/PrivilegedActionException'> (0x00000000d5a94620) thrown at [C:\workspace\8-2-build-windows-amd64-cygwin\jdk8u65\4987\hotspot\src\share\vm\prims\jvm.cpp, line 1386]
Event: 0.159 Thread 0x0000000002bbe800 Exception <a 'java/security/PrivilegedActionException'> (0x00000000d5a94a18) thrown at [C:\workspace\8-2-build-windows-amd64-cygwin\jdk8u65\4987\hotspot\src\share\vm\prims\jvm.cpp, line 1386]
Event: 0.159 Thread 0x0000000002bbe800 Exception <a 'java/security/PrivilegedActionException'> (0x00000000d5a987a8) thrown at [C:\workspace\8-2-build-windows-amd64-cygwin\jdk8u65\4987\hotspot\src\share\vm\prims\jvm.cpp, line 1386]
Event: 0.159 Thread 0x0000000002bbe800 Exception <a 'java/security/PrivilegedActionException'> (0x00000000d5a98ba0) thrown at [C:\workspace\8-2-build-windows-amd64-cygwin\jdk8u65\4987\hotspot\src\share\vm\prims\jvm.cpp, line 1386]

Events (10 events):
Event: 1372.701 Executing VM operation: GetCurrentLocation
Event: 1372.701 Executing VM operation: GetCurrentLocation done
Event: 1372.701 Executing VM operation: EnterInterpOnlyMode
Event: 1372.702 Executing VM operation: EnterInterpOnlyMode done
Event: 1372.702 Executing VM operation: ChangeSingleStep
Event: 1372.702 Executing VM operation: ChangeSingleStep done
Event: 1372.702 Executing VM operation: ChangeSingleStep
Event: 1372.702 Executing VM operation: ChangeSingleStep done
Event: 1372.703 Executing VM operation: RedefineClasses
Event: 1372.703 Executing VM operation: RedefineClasses done


Dynamic libraries:
0x00007ff6ae4a0000 - 0x00007ff6ae4d7000 	C:\Program Files\Java\jre1.8.0_65\bin\javaw.exe
0x00007fff5b7d0000 - 0x00007fff5b9a1000 	C:\WINDOWS\SYSTEM32\ntdll.dll
0x00007fff5b380000 - 0x00007fff5b42b000 	C:\WINDOWS\System32\KERNEL32.DLL
0x00007fff58970000 - 0x00007fff58b8d000 	C:\WINDOWS\System32\KERNELBASE.dll
0x00007fff59700000 - 0x00007fff597a2000 	C:\WINDOWS\System32\ADVAPI32.dll
0x00007fff59bd0000 - 0x00007fff59c6e000 	C:\WINDOWS\System32\msvcrt.dll
0x00007fff58d80000 - 0x00007fff58dd9000 	C:\WINDOWS\System32\sechost.dll
0x00007fff58eb0000 - 0x00007fff58fd1000 	C:\WINDOWS\System32\RPCRT4.dll
0x00007fff59a60000 - 0x00007fff59bc5000 	C:\WINDOWS\System32\USER32.dll
0x00007fff58c90000 - 0x00007fff58cae000 	C:\WINDOWS\System32\win32u.dll
0x00007fff5b790000 - 0x00007fff5b7c4000 	C:\WINDOWS\System32\GDI32.dll
0x00007fff58770000 - 0x00007fff588f2000 	C:\WINDOWS\System32\gdi32full.dll
0x00007fff4ef90000 - 0x00007fff4f209000 	C:\WINDOWS\WinSxS\amd64_microsoft.windows.common-controls_6595b64144ccf1df_6.0.14393.447_none_42191651c6827bb3\COMCTL32.dll
0x00007fff5b430000 - 0x00007fff5b6f8000 	C:\WINDOWS\System32\combase.dll
0x00007fff58b90000 - 0x00007fff58c85000 	C:\WINDOWS\System32\ucrtbase.dll
0x00007fff58900000 - 0x00007fff5896a000 	C:\WINDOWS\System32\bcryptPrimitives.dll
0x00007fff5b760000 - 0x00007fff5b78e000 	C:\WINDOWS\System32\IMM32.DLL
0x0000000066cf0000 - 0x0000000066dc2000 	C:\Program Files\Java\jre1.8.0_65\bin\msvcr100.dll
0x0000000066f80000 - 0x0000000067809000 	C:\Program Files\Java\jre1.8.0_65\bin\server\jvm.dll
0x00007fff58fe0000 - 0x00007fff58fe8000 	C:\WINDOWS\System32\PSAPI.DLL
0x00007fff55e50000 - 0x00007fff55e73000 	C:\WINDOWS\SYSTEM32\WINMM.dll
0x00007fff540f0000 - 0x00007fff540fa000 	C:\WINDOWS\SYSTEM32\VERSION.dll
0x00007fff431f0000 - 0x00007fff431f9000 	C:\WINDOWS\SYSTEM32\WSOCK32.dll
0x00007fff59950000 - 0x00007fff599ba000 	C:\WINDOWS\System32\WS2_32.dll
0x00007fff55a20000 - 0x00007fff55a4b000 	C:\WINDOWS\SYSTEM32\WINMMBASE.dll
0x00007fff57fa0000 - 0x00007fff57fe2000 	C:\WINDOWS\System32\cfgmgr32.dll
0x0000000066e90000 - 0x0000000066e9f000 	C:\Program Files\Java\jre1.8.0_65\bin\verify.dll
0x0000000066e60000 - 0x0000000066e89000 	C:\Program Files\Java\jre1.8.0_65\bin\java.dll
0x0000000066cb0000 - 0x0000000066ce5000 	C:\Program Files\Java\jre1.8.0_65\bin\jdwp.dll
0x0000000066ca0000 - 0x0000000066ca8000 	C:\Program Files\Java\jre1.8.0_65\bin\npt.dll
0x0000000066e40000 - 0x0000000066e56000 	C:\Program Files\Java\jre1.8.0_65\bin\zip.dll
0x00007fff59e70000 - 0x00007fff5b379000 	C:\WINDOWS\System32\SHELL32.dll
0x00007fff57ff0000 - 0x00007fff586ca000 	C:\WINDOWS\System32\windows.storage.dll
0x00007fff57c40000 - 0x00007fff57c8c000 	C:\WINDOWS\System32\powrprof.dll
0x00007fff597b0000 - 0x00007fff59802000 	C:\WINDOWS\System32\shlwapi.dll
0x00007fff57c30000 - 0x00007fff57c3f000 	C:\WINDOWS\System32\kernel.appcore.dll
0x00007fff57cc0000 - 0x00007fff57d69000 	C:\WINDOWS\System32\shcore.dll
0x00007fff57ca0000 - 0x00007fff57cb4000 	C:\WINDOWS\System32\profapi.dll
0x0000000066c90000 - 0x0000000066c99000 	C:\Program Files\Java\jre1.8.0_65\bin\dt_socket.dll
0x00007fff47800000 - 0x00007fff47816000 	C:\WINDOWS\system32\napinsp.dll
0x00007fff47f10000 - 0x00007fff47f2a000 	C:\WINDOWS\system32\pnrpnsp.dll
0x00007fff55a50000 - 0x00007fff55a68000 	C:\WINDOWS\system32\NLAapi.dll
0x00007fff57560000 - 0x00007fff575bc000 	C:\WINDOWS\System32\mswsock.dll
0x00007fff57330000 - 0x00007fff573d0000 	C:\WINDOWS\SYSTEM32\DNSAPI.dll
0x00007fff59590000 - 0x00007fff59598000 	C:\WINDOWS\System32\NSI.dll
0x00007fff572f0000 - 0x00007fff57328000 	C:\WINDOWS\SYSTEM32\IPHLPAPI.DLL
0x00007fff47f30000 - 0x00007fff47f3e000 	C:\WINDOWS\System32\winrnr.dll
0x00007fff4fe20000 - 0x00007fff4fe8a000 	C:\WINDOWS\System32\fwpuclnt.dll
0x00007fff57810000 - 0x00007fff5783b000 	C:\WINDOWS\SYSTEM32\bcrypt.dll
0x00007fff4c180000 - 0x00007fff4c18a000 	C:\Windows\System32\rasadhlp.dll
0x0000000066e20000 - 0x0000000066e3a000 	C:\Program Files\Java\jre1.8.0_65\bin\net.dll
0x0000000066e00000 - 0x0000000066e11000 	C:\Program Files\Java\jre1.8.0_65\bin\nio.dll
0x00007fff47d50000 - 0x00007fff47ee2000 	C:\WINDOWS\SYSTEM32\dbghelp.dll

VM Arguments:
jvm_args: -agentlib:jdwp=transport=dt_socket,suspend=y,address=localhost:51018 -Dfile.encoding=Cp1252 
java_command: BellmanFord ff2.txt
java_class_path (initial): C:\Users\cegal\Desktop\git\Projects\251\A3\bin
Launcher Type: SUN_STANDARD

Environment Variables:
PATH=C:/Program Files/Java/jre1.8.0_65/bin/server;C:/Program Files/Java/jre1.8.0_65/bin;C:/Program Files/Java/jre1.8.0_65/lib/amd64;C:\ProgramData\Oracle\Java\javapath;C:\WINDOWS\system32;C:\WINDOWS;C:\WINDOWS\System32\Wbem;C:\WINDOWS\System32\WindowsPowerShell\v1.0\;C:\Program Files (x86)\NVIDIA Corporation\PhysX\Common;C:\WINDOWS\system32;C:\WINDOWS;C:\WINDOWS\System32\Wbem;C:\WINDOWS\System32\WindowsPowerShell\v1.0\;C:\Program Files (x86)\Windows Live\Shared;C:\Program Files\Microsoft SQL Server\130\Tools\Binn\;C:\Program Files\nodejs\;C:\Program Files (x86)\Skype\Phone\;C:\Program Files (x86)\Windows Kits\10\Windows Performance Toolkit\;C:\Program Files\dotnet\;C:\Users\cegal\AppData\Local\Programs\Python\Python35-32\Scripts\;C:\Users\cegal\AppData\Local\Programs\Python\Python35-32\;C:\Program Files (x86)\Microsoft VS Code\bin;C:\Users\cegal\AppData\Local\Microsoft\WindowsApps;C:\Users\cegal\AppData\Roaming\npm;C:\texlive\2016\bin\win32;C:\Users\cegal\eclipse\java-mars\eclipse;
USERNAME=cegal
OS=Windows_NT
PROCESSOR_IDENTIFIER=Intel64 Family 6 Model 60 Stepping 3, GenuineIntel



---------------  S Y S T E M  ---------------

OS: Windows 10.0 , 64 bit Build 14393 (10.0.14393.0)

CPU:total 4 (4 cores per cpu, 1 threads per core) family 6 model 60 stepping 3, cmov, cx8, fxsr, mmx, sse, sse2, sse3, ssse3, sse4.1, sse4.2, popcnt, avx, avx2, aes, clmul, erms, lzcnt, tsc, tscinvbit, bmi1, bmi2

Memory: 4k page, physical 8325892k(4617240k free), swap 9636612k(3852444k free)

vm_info: Java HotSpot(TM) 64-Bit Server VM (25.65-b01) for windows-amd64 JRE (1.8.0_65-b17), built on Oct  6 2015 16:39:20 by "java_re" with MS VC++ 10.0 (VS2010)

time: Wed Mar 15 13:12:25 2017
elapsed time: 1372 seconds (0d 0h 22m 52s)

